<?xml version="1.0" encoding="UTF-8"?>
<testsuite name="medium.MaximumDifferenceBetweenNodeandAncestorTest" tests="4" skipped="0" failures="0" errors="0" timestamp="2022-01-04T22:10:12" hostname="polpc09856" time="0.073">
  <properties/>
  <testcase name="should pass even more complex day" classname="medium.MaximumDifferenceBetweenNodeandAncestorTest" time="0.07"/>
  <testcase name="should pass complex case" classname="medium.MaximumDifferenceBetweenNodeandAncestorTest" time="0.001"/>
  <testcase name="should pass" classname="medium.MaximumDifferenceBetweenNodeandAncestorTest" time="0.001"/>
  <testcase name="should pass base case" classname="medium.MaximumDifferenceBetweenNodeandAncestorTest" time="0.001"/>
  <system-out><![CDATA[]]></system-out>
  <system-err><![CDATA[]]></system-err>
</testsuite>
